<?xml version="1.0" encoding="UTF-8"?>
<!-- Generated by org.testng.reporters.JUnitReportReporter -->
<testsuite skipped="0" hostname="PQA-0481LT" name="test1.com.TestJenkins" tests="1" failures="0" timestamp="15 Feb 2021 04:53:26 GMT" time="11.891" errors="0">
  <testcase name="invokebrowser" time="11.891" classname="test1.com.TestJenkins"/>
</testsuite> <!-- test1.com.TestJenkins -->
